     Pretreat: 0/4
     Pretreat: 1/4
     Pretreat: 2/4
     Pretreat: 3/4
    Calculate: 2009  1  1  0          Time Left:  0  0  0
    Calculate: 2009  1  1  3          Time Left:  0  0  0
    Calculate: 2009  1  1  6          Time Left:  0  0  0
    Calculate: 2009  1  1  9          Time Left:  0  0  0
    Calculate: 2009  1  1 12          Time Left:  0  0  0
    Calculate: 2009  1  1 15          Time Left:  0  0  0
    Calculate: 2009  1  1 18          Time Left:  0  0  0
    Calculate: 2009  1  1 21          Time Left:  0  0  0
    Calculate: 2009  1  2  0          Time Left:  0  0  0
    Calculate: 2009  1  2  3          Time Left:  0  0  0
    Calculate: 2009  1  2  6          Time Left:  0  0  0
    Calculate: 2009  1  2  9          Time Left:  0  0  0
    Calculate: 2009  1  2 12          Time Left:  0  0  0
    Calculate: 2009  1  2 15          Time Left:  0  0  0
    Calculate: 2009  1  2 18          Time Left:  0  0  0
    Calculate: 2009  1  2 21          Time Left:  0  0  0
    Calculate: 2009  1  3  0          Time Left:  0  0  0
    Calculate: 2009  1  3  3          Time Left:  0  0  0
    Calculate: 2009  1  3  6          Time Left:  0  0  0
    Calculate: 2009  1  3  9          Time Left:  0  0  0
    Calculate: 2009  1  3 12          Time Left:  0  0  0
    Calculate: 2009  1  3 15          Time Left:  0  0  0
    Calculate: 2009  1  3 18          Time Left:  0  0  0
    Calculate: 2009  1  3 21          Time Left:  0  0  0
    Calculate: 2009  1  4  0          Time Left:  0  0  0
    Calculate: 2009  1  4  3          Time Left:  0  0  0
    Calculate: 2009  1  4  6          Time Left:  0  0  0
    Calculate: 2009  1  4  9          Time Left:  0  0  0
    Calculate: 2009  1  4 12          Time Left:  0  0  0
    Calculate: 2009  1  4 15          Time Left:  0  0  0
    Calculate: 2009  1  4 18          Time Left:  0  0  0
    Calculate: 2009  1  4 21          Time Left:  0  0  0
    Calculate: 2009  1  5  0          Time Left:  0  0  0
    Calculate: 2009  1  5  3          Time Left:  0  0  0
    Calculate: 2009  1  5  6          Time Left:  0  0  0
    Calculate: 2009  1  5  9          Time Left:  0  0  0
    Calculate: 2009  1  5 12          Time Left:  0  0  0
    Calculate: 2009  1  5 15          Time Left:  0  0  0
    Calculate: 2009  1  5 18          Time Left:  0  0  0
    Calculate: 2009  1  5 21          Time Left:  0  0  0
    Calculate: 2009  1  6  0          Time Left:  0  0  0
    Calculate: 2009  1  6  3          Time Left:  0  0  0
    Calculate: 2009  1  6  6          Time Left:  0  0  0
    Calculate: 2009  1  6  9          Time Left:  0  0  0
    Calculate: 2009  1  6 12          Time Left:  0  0  0
    Calculate: 2009  1  6 15          Time Left:  0  0  0
    Calculate: 2009  1  6 18          Time Left:  0  0  0
    Calculate: 2009  1  6 21          Time Left:  0  0  0
    Calculate: 2009  1  7  0          Time Left:  0  0  0
    Calculate: 2009  1  7  3          Time Left:  0  0  0
    Calculate: 2009  1  7  6          Time Left:  0  0  0
    Calculate: 2009  1  7  9          Time Left:  0  0  0
    Calculate: 2009  1  7 12          Time Left:  0  0  0
    Calculate: 2009  1  7 15          Time Left:  0  0  0
    Calculate: 2009  1  7 18          Time Left:  0  0  0
    Calculate: 2009  1  7 21          Time Left:  0  0  0
    Calculate: 2009  1  8  0          Time Left:  0  0  0
    Calculate: 2009  1  8  3          Time Left:  0  0  0
    Calculate: 2009  1  8  6          Time Left:  0  0  0
    Calculate: 2009  1  8  9          Time Left:  0  0  0
    Calculate: 2009  1  8 12          Time Left:  0  0  0
    Calculate: 2009  1  8 15          Time Left:  0  0  0
    Calculate: 2009  1  8 18          Time Left:  0  0  0
    Calculate: 2009  1  8 21          Time Left:  0  0  0
    Calculate: 2009  1  9  0          Time Left:  0  0  0
    Calculate: 2009  1  9  3          Time Left:  0  0  0
    Calculate: 2009  1  9  6          Time Left:  0  0  0
    Calculate: 2009  1  9  9          Time Left:  0  0  0
    Calculate: 2009  1  9 12          Time Left:  0  0  0
    Calculate: 2009  1  9 15          Time Left:  0  0  0
    Calculate: 2009  1  9 18          Time Left:  0  0  0
    Calculate: 2009  1  9 21          Time Left:  0  0  0
    Calculate: 2009  1 10  0          Time Left:  0  0  0
    Calculate: 2009  1 10  3          Time Left:  0  0  0
    Calculate: 2009  1 10  6          Time Left:  0  0  0
    Calculate: 2009  1 10  9          Time Left:  0  0  0
    Calculate: 2009  1 10 12          Time Left:  0  0  0
    Calculate: 2009  1 10 15          Time Left:  0  0  0
    Calculate: 2009  1 10 18          Time Left:  0  0  0
    Calculate: 2009  1 10 21          Time Left:  0  0  0
 Basic Folder: /eos/tigerlly/CREST/Example/Basic/
Export Folder: /eos/tigerlly/CREST/Example/Export/
  Rain Folder: /eos/tigerlly/CREST/Example/FittedRT/
   PET Folder: /eos/tigerlly/CREST/Example/FittedPET/
   Begin Data: 2009  1  1  0
  Tatal Steps:   80
Warm Up Steps:    0
           dT: 3.00
Control Point:    1
     Point  1:  140   17    14710.      14708.870
Routing Debug: 0
         Rain: 0
          PET: 0
         actE: 0
       ExcSur: 0
       ExcBas: 0
       Excess: 0
       StoSur: 0
       StoBas: 0
      Storage: 0
           WU: 0
           WL: 0
           WD: 0
    Discharge: 0
     For Next: 0
